INFO  - 2016-02-15 01:30:55.857; org.eclipse.jetty.server.Server; jetty-8.1.10.v20130312
INFO  - 2016-02-15 01:30:55.919; org.eclipse.jetty.deploy.providers.ScanningAppProvider; Deployment monitor /home/shreejit/RA/solr-4.10.4/example/contexts at interval 0
INFO  - 2016-02-15 01:30:55.935; org.eclipse.jetty.deploy.DeploymentManager; Deployable added: /home/shreejit/RA/solr-4.10.4/example/contexts/solr-jetty-context.xml
INFO  - 2016-02-15 01:30:57.476; org.eclipse.jetty.webapp.StandardDescriptorProcessor; NO JSP Support for /solr, did not find org.apache.jasper.servlet.JspServlet
INFO  - 2016-02-15 01:30:57.560; org.apache.solr.servlet.SolrDispatchFilter; SolrDispatchFilter.init()
INFO  - 2016-02-15 01:30:57.591; org.apache.solr.core.SolrResourceLoader; JNDI not configured for solr (NoInitialContextEx)
INFO  - 2016-02-15 01:30:57.592; org.apache.solr.core.SolrResourceLoader; using system property solr.solr.home: /home/shreejit/RA/solr-4.10.4/example/solr
INFO  - 2016-02-15 01:30:57.592; org.apache.solr.core.SolrResourceLoader; new SolrResourceLoader for directory: '/home/shreejit/RA/solr-4.10.4/example/solr/'
INFO  - 2016-02-15 01:30:57.732; org.apache.solr.core.ConfigSolr; Loading container configuration from /home/shreejit/RA/solr-4.10.4/example/solr/solr.xml
INFO  - 2016-02-15 01:30:57.965; org.apache.solr.core.CorePropertiesLocator; Config-defined core root directory: /home/shreejit/RA/solr-4.10.4/example/solr
INFO  - 2016-02-15 01:30:58.014; org.apache.solr.core.CoreContainer; New CoreContainer 1871724051
INFO  - 2016-02-15 01:30:58.015; org.apache.solr.core.CoreContainer; Loading cores into CoreContainer [instanceDir=/home/shreejit/RA/solr-4.10.4/example/solr/]
INFO  - 2016-02-15 01:30:58.036; org.apache.solr.handler.component.HttpShardHandlerFactory; Setting socketTimeout to: 0
INFO  - 2016-02-15 01:30:58.037; org.apache.solr.handler.component.HttpShardHandlerFactory; Setting urlScheme to: null
INFO  - 2016-02-15 01:30:58.044; org.apache.solr.handler.component.HttpShardHandlerFactory; Setting connTimeout to: 0
INFO  - 2016-02-15 01:30:58.044; org.apache.solr.handler.component.HttpShardHandlerFactory; Setting maxConnectionsPerHost to: 20
INFO  - 2016-02-15 01:30:58.048; org.apache.solr.handler.component.HttpShardHandlerFactory; Setting corePoolSize to: 0
INFO  - 2016-02-15 01:30:58.048; org.apache.solr.handler.component.HttpShardHandlerFactory; Setting maximumPoolSize to: 2147483647
INFO  - 2016-02-15 01:30:58.048; org.apache.solr.handler.component.HttpShardHandlerFactory; Setting maxThreadIdleTime to: 5
INFO  - 2016-02-15 01:30:58.049; org.apache.solr.handler.component.HttpShardHandlerFactory; Setting sizeOfQueue to: -1
INFO  - 2016-02-15 01:30:58.049; org.apache.solr.handler.component.HttpShardHandlerFactory; Setting fairnessPolicy to: false
INFO  - 2016-02-15 01:30:58.049; org.apache.solr.handler.component.HttpShardHandlerFactory; Setting useRetries to: false
INFO  - 2016-02-15 01:30:58.464; org.apache.solr.update.UpdateShardHandler; Creating UpdateShardHandler HTTP client with params: socketTimeout=0&connTimeout=0&retry=true
INFO  - 2016-02-15 01:30:58.466; org.apache.solr.logging.LogWatcher; SLF4J impl is org.slf4j.impl.Log4jLoggerFactory
INFO  - 2016-02-15 01:30:58.467; org.apache.solr.logging.LogWatcher; Registering Log Listener [Log4j (org.slf4j.impl.Log4jLoggerFactory)]
INFO  - 2016-02-15 01:30:58.468; org.apache.solr.core.CoreContainer; Host Name: localhost
INFO  - 2016-02-15 01:30:58.493; org.apache.solr.core.CorePropertiesLocator; Looking for core definitions underneath /home/shreejit/RA/solr-4.10.4/example/solr
INFO  - 2016-02-15 01:30:58.515; org.apache.solr.core.CorePropertiesLocator; Found core collection1 in /home/shreejit/RA/solr-4.10.4/example/solr/collection1/
INFO  - 2016-02-15 01:30:58.530; org.apache.solr.core.CorePropertiesLocator; Found 1 core definitions
INFO  - 2016-02-15 01:30:58.532; org.apache.solr.core.SolrResourceLoader; new SolrResourceLoader for directory: '/home/shreejit/RA/solr-4.10.4/example/solr/collection1/'
INFO  - 2016-02-15 01:30:58.664; org.apache.solr.core.SolrConfig; Adding specified lib dirs to ClassLoader
INFO  - 2016-02-15 01:30:58.673; org.apache.solr.core.SolrResourceLoader; Adding 'file:/home/shreejit/RA/solr-4.10.4/contrib/extraction/lib/xmlbeans-2.6.0.jar' to classloader
INFO  - 2016-02-15 01:30:58.674; org.apache.solr.core.SolrResourceLoader; Adding 'file:/home/shreejit/RA/solr-4.10.4/contrib/extraction/lib/vorbis-java-tika-0.1.jar' to classloader
INFO  - 2016-02-15 01:30:58.674; org.apache.solr.core.SolrResourceLoader; Adding 'file:/home/shreejit/RA/solr-4.10.4/contrib/extraction/lib/aspectjrt-1.6.11.jar' to classloader
INFO  - 2016-02-15 01:30:58.674; org.apache.solr.core.SolrResourceLoader; Adding 'file:/home/shreejit/RA/solr-4.10.4/contrib/extraction/lib/jempbox-1.8.4.jar' to classloader
INFO  - 2016-02-15 01:30:58.674; org.apache.solr.core.SolrResourceLoader; Adding 'file:/home/shreejit/RA/solr-4.10.4/contrib/extraction/lib/jhighlight-1.0.jar' to classloader
INFO  - 2016-02-15 01:30:58.675; org.apache.solr.core.SolrResourceLoader; Adding 'file:/home/shreejit/RA/solr-4.10.4/contrib/extraction/lib/xmpcore-5.1.2.jar' to classloader
INFO  - 2016-02-15 01:30:58.675; org.apache.solr.core.SolrResourceLoader; Adding 'file:/home/shreejit/RA/solr-4.10.4/contrib/extraction/lib/poi-3.10.1.jar' to classloader
INFO  - 2016-02-15 01:30:58.675; org.apache.solr.core.SolrResourceLoader; Adding 'file:/home/shreejit/RA/solr-4.10.4/contrib/extraction/lib/apache-mime4j-core-0.7.2.jar' to classloader
INFO  - 2016-02-15 01:30:58.675; org.apache.solr.core.SolrResourceLoader; Adding 'file:/home/shreejit/RA/solr-4.10.4/contrib/extraction/lib/pdfbox-1.8.4.jar' to classloader
INFO  - 2016-02-15 01:30:58.675; org.apache.solr.core.SolrResourceLoader; Adding 'file:/home/shreejit/RA/solr-4.10.4/contrib/extraction/lib/poi-scratchpad-3.10.1.jar' to classloader
INFO  - 2016-02-15 01:30:58.676; org.apache.solr.core.SolrResourceLoader; Adding 'file:/home/shreejit/RA/solr-4.10.4/contrib/extraction/lib/poi-ooxml-3.10.1.jar' to classloader
INFO  - 2016-02-15 01:30:58.676; org.apache.solr.core.SolrResourceLoader; Adding 'file:/home/shreejit/RA/solr-4.10.4/contrib/extraction/lib/bcprov-jdk15-1.45.jar' to classloader
INFO  - 2016-02-15 01:30:58.676; org.apache.solr.core.SolrResourceLoader; Adding 'file:/home/shreejit/RA/solr-4.10.4/contrib/extraction/lib/boilerpipe-1.1.0.jar' to classloader
INFO  - 2016-02-15 01:30:58.676; org.apache.solr.core.SolrResourceLoader; Adding 'file:/home/shreejit/RA/solr-4.10.4/contrib/extraction/lib/fontbox-1.8.4.jar' to classloader
INFO  - 2016-02-15 01:30:58.677; org.apache.solr.core.SolrResourceLoader; Adding 'file:/home/shreejit/RA/solr-4.10.4/contrib/extraction/lib/isoparser-1.0-RC-1.jar' to classloader
INFO  - 2016-02-15 01:30:58.677; org.apache.solr.core.SolrResourceLoader; Adding 'file:/home/shreejit/RA/solr-4.10.4/contrib/extraction/lib/metadata-extractor-2.6.2.jar' to classloader
INFO  - 2016-02-15 01:30:58.677; org.apache.solr.core.SolrResourceLoader; Adding 'file:/home/shreejit/RA/solr-4.10.4/contrib/extraction/lib/rome-0.9.jar' to classloader
INFO  - 2016-02-15 01:30:58.677; org.apache.solr.core.SolrResourceLoader; Adding 'file:/home/shreejit/RA/solr-4.10.4/contrib/extraction/lib/tika-core-1.5.jar' to classloader
INFO  - 2016-02-15 01:30:58.677; org.apache.solr.core.SolrResourceLoader; Adding 'file:/home/shreejit/RA/solr-4.10.4/contrib/extraction/lib/icu4j-53.1.jar' to classloader
INFO  - 2016-02-15 01:30:58.678; org.apache.solr.core.SolrResourceLoader; Adding 'file:/home/shreejit/RA/solr-4.10.4/contrib/extraction/lib/tagsoup-1.2.1.jar' to classloader
INFO  - 2016-02-15 01:30:58.678; org.apache.solr.core.SolrResourceLoader; Adding 'file:/home/shreejit/RA/solr-4.10.4/contrib/extraction/lib/jdom-1.0.jar' to classloader
INFO  - 2016-02-15 01:30:58.678; org.apache.solr.core.SolrResourceLoader; Adding 'file:/home/shreejit/RA/solr-4.10.4/contrib/extraction/lib/xz-1.4.jar' to classloader
INFO  - 2016-02-15 01:30:58.678; org.apache.solr.core.SolrResourceLoader; Adding 'file:/home/shreejit/RA/solr-4.10.4/contrib/extraction/lib/tika-xmp-1.5.jar' to classloader
INFO  - 2016-02-15 01:30:58.679; org.apache.solr.core.SolrResourceLoader; Adding 'file:/home/shreejit/RA/solr-4.10.4/contrib/extraction/lib/bcmail-jdk15-1.45.jar' to classloader
INFO  - 2016-02-15 01:30:58.679; org.apache.solr.core.SolrResourceLoader; Adding 'file:/home/shreejit/RA/solr-4.10.4/contrib/extraction/lib/dom4j-1.6.1.jar' to classloader
INFO  - 2016-02-15 01:30:58.679; org.apache.solr.core.SolrResourceLoader; Adding 'file:/home/shreejit/RA/solr-4.10.4/contrib/extraction/lib/tika-parsers-1.5.jar' to classloader
INFO  - 2016-02-15 01:30:58.679; org.apache.solr.core.SolrResourceLoader; Adding 'file:/home/shreejit/RA/solr-4.10.4/contrib/extraction/lib/xercesImpl-2.9.1.jar' to classloader
INFO  - 2016-02-15 01:30:58.679; org.apache.solr.core.SolrResourceLoader; Adding 'file:/home/shreejit/RA/solr-4.10.4/contrib/extraction/lib/vorbis-java-core-0.1.jar' to classloader
INFO  - 2016-02-15 01:30:58.680; org.apache.solr.core.SolrResourceLoader; Adding 'file:/home/shreejit/RA/solr-4.10.4/contrib/extraction/lib/apache-mime4j-dom-0.7.2.jar' to classloader
INFO  - 2016-02-15 01:30:58.680; org.apache.solr.core.SolrResourceLoader; Adding 'file:/home/shreejit/RA/solr-4.10.4/contrib/extraction/lib/poi-ooxml-schemas-3.10.1.jar' to classloader
INFO  - 2016-02-15 01:30:58.680; org.apache.solr.core.SolrResourceLoader; Adding 'file:/home/shreejit/RA/solr-4.10.4/contrib/extraction/lib/commons-compress-1.7.jar' to classloader
INFO  - 2016-02-15 01:30:58.680; org.apache.solr.core.SolrResourceLoader; Adding 'file:/home/shreejit/RA/solr-4.10.4/contrib/extraction/lib/juniversalchardet-1.0.3.jar' to classloader
INFO  - 2016-02-15 01:30:58.682; org.apache.solr.core.SolrResourceLoader; Adding 'file:/home/shreejit/RA/solr-4.10.4/dist/solr-cell-4.10.4.jar' to classloader
INFO  - 2016-02-15 01:30:58.697; org.apache.solr.core.SolrResourceLoader; Adding 'file:/home/shreejit/RA/solr-4.10.4/contrib/clustering/lib/mahout-math-0.6.jar' to classloader
INFO  - 2016-02-15 01:30:58.697; org.apache.solr.core.SolrResourceLoader; Adding 'file:/home/shreejit/RA/solr-4.10.4/contrib/clustering/lib/attributes-binder-1.2.1.jar' to classloader
INFO  - 2016-02-15 01:30:58.697; org.apache.solr.core.SolrResourceLoader; Adding 'file:/home/shreejit/RA/solr-4.10.4/contrib/clustering/lib/simple-xml-2.7.jar' to classloader
INFO  - 2016-02-15 01:30:58.697; org.apache.solr.core.SolrResourceLoader; Adding 'file:/home/shreejit/RA/solr-4.10.4/contrib/clustering/lib/carrot2-mini-3.9.0.jar' to classloader
INFO  - 2016-02-15 01:30:58.698; org.apache.solr.core.SolrResourceLoader; Adding 'file:/home/shreejit/RA/solr-4.10.4/contrib/clustering/lib/mahout-collections-1.0.jar' to classloader
INFO  - 2016-02-15 01:30:58.698; org.apache.solr.core.SolrResourceLoader; Adding 'file:/home/shreejit/RA/solr-4.10.4/contrib/clustering/lib/jackson-mapper-asl-1.9.13.jar' to classloader
INFO  - 2016-02-15 01:30:58.698; org.apache.solr.core.SolrResourceLoader; Adding 'file:/home/shreejit/RA/solr-4.10.4/contrib/clustering/lib/jackson-core-asl-1.9.13.jar' to classloader
INFO  - 2016-02-15 01:30:58.698; org.apache.solr.core.SolrResourceLoader; Adding 'file:/home/shreejit/RA/solr-4.10.4/contrib/clustering/lib/hppc-0.5.2.jar' to classloader
INFO  - 2016-02-15 01:30:58.699; org.apache.solr.core.SolrResourceLoader; Adding 'file:/home/shreejit/RA/solr-4.10.4/dist/solr-clustering-4.10.4.jar' to classloader
INFO  - 2016-02-15 01:30:58.700; org.apache.solr.core.SolrResourceLoader; Adding 'file:/home/shreejit/RA/solr-4.10.4/contrib/langid/lib/jsonic-1.2.7.jar' to classloader
INFO  - 2016-02-15 01:30:58.700; org.apache.solr.core.SolrResourceLoader; Adding 'file:/home/shreejit/RA/solr-4.10.4/contrib/langid/lib/langdetect-1.1-20120112.jar' to classloader
INFO  - 2016-02-15 01:30:58.701; org.apache.solr.core.SolrResourceLoader; Adding 'file:/home/shreejit/RA/solr-4.10.4/dist/solr-langid-4.10.4.jar' to classloader
INFO  - 2016-02-15 01:30:58.703; org.apache.solr.core.SolrResourceLoader; Adding 'file:/home/shreejit/RA/solr-4.10.4/contrib/velocity/lib/velocity-1.7.jar' to classloader
INFO  - 2016-02-15 01:30:58.703; org.apache.solr.core.SolrResourceLoader; Adding 'file:/home/shreejit/RA/solr-4.10.4/contrib/velocity/lib/commons-collections-3.2.1.jar' to classloader
INFO  - 2016-02-15 01:30:58.703; org.apache.solr.core.SolrResourceLoader; Adding 'file:/home/shreejit/RA/solr-4.10.4/contrib/velocity/lib/velocity-tools-2.0.jar' to classloader
INFO  - 2016-02-15 01:30:58.703; org.apache.solr.core.SolrResourceLoader; Adding 'file:/home/shreejit/RA/solr-4.10.4/contrib/velocity/lib/commons-beanutils-1.8.3.jar' to classloader
INFO  - 2016-02-15 01:30:58.704; org.apache.solr.core.SolrResourceLoader; Adding 'file:/home/shreejit/RA/solr-4.10.4/dist/solr-velocity-4.10.4.jar' to classloader
INFO  - 2016-02-15 01:30:59.585; org.apache.solr.update.SolrIndexConfig; IndexWriter infoStream solr logging is enabled
INFO  - 2016-02-15 01:30:59.592; org.apache.solr.core.SolrConfig; Using Lucene MatchVersion: 4.10.4
INFO  - 2016-02-15 01:30:59.810; org.apache.solr.core.SolrConfig; Loaded SolrConfig: solrconfig.xml
INFO  - 2016-02-15 01:30:59.816; org.apache.solr.schema.IndexSchema; Reading Solr Schema from /home/shreejit/RA/solr-4.10.4/example/solr/collection1/conf/schema.xml
INFO  - 2016-02-15 01:30:59.856; org.apache.solr.schema.IndexSchema; [collection1] Schema name=nutch
INFO  - 2016-02-15 01:30:59.972; org.apache.solr.schema.IndexSchema; default search field in schema is content
INFO  - 2016-02-15 01:30:59.973; org.apache.solr.schema.IndexSchema; query parser default operator is OR
INFO  - 2016-02-15 01:30:59.975; org.apache.solr.schema.IndexSchema; unique key field: id
INFO  - 2016-02-15 01:31:00.062; org.apache.solr.core.CoreContainer; Creating SolrCore 'collection1' using configuration from instancedir /home/shreejit/RA/solr-4.10.4/example/solr/collection1/
INFO  - 2016-02-15 01:31:00.084; org.apache.solr.core.SolrCore; solr.NRTCachingDirectoryFactory
INFO  - 2016-02-15 01:31:00.092; org.apache.solr.core.SolrCore; [collection1] Opening new SolrCore at /home/shreejit/RA/solr-4.10.4/example/solr/collection1/, dataDir=/home/shreejit/RA/solr-4.10.4/example/solr/collection1/data/
INFO  - 2016-02-15 01:31:00.093; org.apache.solr.core.JmxMonitoredMap; JMX monitoring is enabled. Adding Solr mbeans to JMX Server: com.sun.jmx.mbeanserver.JmxMBeanServer@1fe5e871
INFO  - 2016-02-15 01:31:00.115; org.apache.solr.core.SolrCore; [collection1] Added SolrEventListener for newSearcher: org.apache.solr.core.QuerySenderListener{queries=[]}
INFO  - 2016-02-15 01:31:00.115; org.apache.solr.core.SolrCore; [collection1] Added SolrEventListener for firstSearcher: org.apache.solr.core.QuerySenderListener{queries=[{q=static firstSearcher warming in solrconfig.xml}]}
INFO  - 2016-02-15 01:31:00.137; org.apache.solr.core.CachingDirectoryFactory; return new directory for /home/shreejit/RA/solr-4.10.4/example/solr/collection1/data
INFO  - 2016-02-15 01:31:00.139; org.apache.solr.core.SolrCore; New index directory detected: old=null new=/home/shreejit/RA/solr-4.10.4/example/solr/collection1/data/index/
INFO  - 2016-02-15 01:31:00.151; org.apache.solr.core.CachingDirectoryFactory; return new directory for /home/shreejit/RA/solr-4.10.4/example/solr/collection1/data/index
INFO  - 2016-02-15 01:31:00.178; org.apache.solr.core.SolrCore; created json: solr.JSONResponseWriter
INFO  - 2016-02-15 01:31:00.178; org.apache.solr.core.SolrCore; adding lazy queryResponseWriter: solr.VelocityResponseWriter
INFO  - 2016-02-15 01:31:00.179; org.apache.solr.core.SolrCore; created velocity: solr.VelocityResponseWriter
INFO  - 2016-02-15 01:31:00.182; org.apache.solr.core.SolrCore; created xslt: solr.XSLTResponseWriter
INFO  - 2016-02-15 01:31:00.183; org.apache.solr.response.XSLTResponseWriter; xsltCacheLifetimeSeconds=5
INFO  - 2016-02-15 01:31:00.270; org.apache.solr.core.SolrCore; no updateRequestProcessorChain defined as default, creating implicit default
INFO  - 2016-02-15 01:31:00.276; org.apache.solr.core.RequestHandlers; created /update: org.apache.solr.handler.UpdateRequestHandler
INFO  - 2016-02-15 01:31:00.277; org.apache.solr.core.RequestHandlers; created /update/json: org.apache.solr.handler.UpdateRequestHandler
INFO  - 2016-02-15 01:31:00.278; org.apache.solr.core.RequestHandlers; created /update/csv: org.apache.solr.handler.UpdateRequestHandler
INFO  - 2016-02-15 01:31:00.279; org.apache.solr.core.RequestHandlers; created /update/json/docs: org.apache.solr.handler.UpdateRequestHandler
INFO  - 2016-02-15 01:31:00.284; org.apache.solr.core.RequestHandlers; created /select: solr.SearchHandler
INFO  - 2016-02-15 01:31:00.285; org.apache.solr.core.RequestHandlers; created /query: solr.SearchHandler
INFO  - 2016-02-15 01:31:00.287; org.apache.solr.core.RequestHandlers; created /get: solr.RealTimeGetHandler
INFO  - 2016-02-15 01:31:00.288; org.apache.solr.core.RequestHandlers; created /export: solr.SearchHandler
INFO  - 2016-02-15 01:31:00.289; org.apache.solr.core.RequestHandlers; created /browse: solr.SearchHandler
WARN  - 2016-02-15 01:31:00.291; org.apache.solr.core.RequestHandlers; Multiple requestHandler registered to the same name: /update ignoring: org.apache.solr.handler.UpdateRequestHandler
INFO  - 2016-02-15 01:31:00.291; org.apache.solr.core.RequestHandlers; created /update: solr.UpdateRequestHandler
INFO  - 2016-02-15 01:31:00.291; org.apache.solr.core.RequestHandlers; adding lazy requestHandler: solr.extraction.ExtractingRequestHandler
INFO  - 2016-02-15 01:31:00.292; org.apache.solr.core.RequestHandlers; created /update/extract: solr.extraction.ExtractingRequestHandler
INFO  - 2016-02-15 01:31:00.292; org.apache.solr.core.RequestHandlers; adding lazy requestHandler: solr.FieldAnalysisRequestHandler
INFO  - 2016-02-15 01:31:00.293; org.apache.solr.core.RequestHandlers; created /analysis/field: solr.FieldAnalysisRequestHandler
INFO  - 2016-02-15 01:31:00.293; org.apache.solr.core.RequestHandlers; adding lazy requestHandler: solr.DocumentAnalysisRequestHandler
INFO  - 2016-02-15 01:31:00.293; org.apache.solr.core.RequestHandlers; created /analysis/document: solr.DocumentAnalysisRequestHandler
INFO  - 2016-02-15 01:31:00.295; org.apache.solr.core.RequestHandlers; created /admin/: solr.admin.AdminHandlers
INFO  - 2016-02-15 01:31:00.298; org.apache.solr.core.RequestHandlers; created /admin/ping: solr.PingRequestHandler
INFO  - 2016-02-15 01:31:00.300; org.apache.solr.core.RequestHandlers; created /debug/dump: solr.DumpRequestHandler
INFO  - 2016-02-15 01:31:00.309; org.apache.solr.core.RequestHandlers; created /replication: solr.ReplicationHandler
INFO  - 2016-02-15 01:31:00.309; org.apache.solr.core.RequestHandlers; adding lazy requestHandler: solr.SearchHandler
INFO  - 2016-02-15 01:31:00.310; org.apache.solr.core.RequestHandlers; created /spell: solr.SearchHandler
INFO  - 2016-02-15 01:31:00.310; org.apache.solr.core.RequestHandlers; adding lazy requestHandler: solr.SearchHandler
INFO  - 2016-02-15 01:31:00.310; org.apache.solr.core.RequestHandlers; created /tvrh: solr.SearchHandler
INFO  - 2016-02-15 01:31:00.310; org.apache.solr.core.RequestHandlers; adding lazy requestHandler: solr.SearchHandler
INFO  - 2016-02-15 01:31:00.310; org.apache.solr.core.RequestHandlers; created /terms: solr.SearchHandler
INFO  - 2016-02-15 01:31:00.310; org.apache.solr.core.RequestHandlers; adding lazy requestHandler: solr.SearchHandler
INFO  - 2016-02-15 01:31:00.311; org.apache.solr.core.RequestHandlers; created /elevate: solr.SearchHandler
INFO  - 2016-02-15 01:31:00.327; org.apache.solr.handler.loader.XMLLoader; xsltCacheLifetimeSeconds=60
INFO  - 2016-02-15 01:31:00.329; org.apache.solr.handler.loader.XMLLoader; xsltCacheLifetimeSeconds=60
INFO  - 2016-02-15 01:31:00.329; org.apache.solr.handler.loader.XMLLoader; xsltCacheLifetimeSeconds=60
INFO  - 2016-02-15 01:31:00.330; org.apache.solr.handler.loader.XMLLoader; xsltCacheLifetimeSeconds=60
INFO  - 2016-02-15 01:31:00.330; org.apache.solr.handler.loader.XMLLoader; xsltCacheLifetimeSeconds=60
INFO  - 2016-02-15 01:31:00.511; org.apache.solr.update.CommitTracker; Hard AutoCommit: if uncommited for 15000ms; 
INFO  - 2016-02-15 01:31:00.511; org.apache.solr.update.CommitTracker; Soft AutoCommit: disabled
INFO  - 2016-02-15 01:31:00.641; org.apache.solr.core.SolrDeletionPolicy; SolrDeletionPolicy.onInit: commits: num=1
	commit{dir=NRTCachingDirectory(MMapDirectory@/home/shreejit/RA/solr-4.10.4/example/solr/collection1/data/index lockFactory=NativeFSLockFactory@/home/shreejit/RA/solr-4.10.4/example/solr/collection1/data/index; maxCacheMB=48.0 maxMergeSizeMB=4.0),segFN=segments_9,generation=9}
INFO  - 2016-02-15 01:31:00.641; org.apache.solr.core.SolrDeletionPolicy; newest commit generation = 9
INFO  - 2016-02-15 01:31:00.795; org.apache.solr.search.SolrIndexSearcher; Opening Searcher@58385dae[collection1] main
INFO  - 2016-02-15 01:31:00.811; org.apache.solr.rest.ManagedResourceStorage$FileStorageIO; File-based storage initialized to use dir: /home/shreejit/RA/solr-4.10.4/example/solr/collection1/conf
INFO  - 2016-02-15 01:31:00.811; org.apache.solr.rest.RestManager; Initializing RestManager with initArgs: {storageDir=/home/shreejit/RA/solr-4.10.4/example/solr/collection1/conf}
INFO  - 2016-02-15 01:31:00.830; org.apache.solr.rest.ManagedResourceStorage; Reading _rest_managed.json using file:dir=/home/shreejit/RA/solr-4.10.4/example/solr/collection1/conf
INFO  - 2016-02-15 01:31:00.842; org.apache.solr.rest.ManagedResourceStorage; Loaded LinkedHashMap at path _rest_managed.json using file:dir=/home/shreejit/RA/solr-4.10.4/example/solr/collection1/conf
INFO  - 2016-02-15 01:31:00.843; org.apache.solr.rest.ManagedResource; Loaded initArgs {} for /rest/managed
INFO  - 2016-02-15 01:31:00.843; org.apache.solr.rest.RestManager; Initializing 0 registered ManagedResources
INFO  - 2016-02-15 01:31:00.844; org.apache.solr.handler.component.SpellCheckComponent; Initializing spell checkers
INFO  - 2016-02-15 01:31:00.855; org.apache.solr.spelling.DirectSolrSpellChecker; init: {name=default,field=text,classname=solr.DirectSolrSpellChecker,distanceMeasure=internal,accuracy=0.5,maxEdits=2,minPrefix=1,maxInspections=5,minQueryLength=4,maxQueryFrequency=0.01}
INFO  - 2016-02-15 01:31:00.866; org.apache.solr.handler.component.SpellCheckComponent; No queryConverter defined, using default converter
INFO  - 2016-02-15 01:31:00.870; org.apache.solr.handler.component.QueryElevationComponent; Loading QueryElevation from: /home/shreejit/RA/solr-4.10.4/example/solr/collection1/conf/elevate.xml
INFO  - 2016-02-15 01:31:00.917; org.apache.solr.handler.ReplicationHandler; Commits will be reserved for  10000
INFO  - 2016-02-15 01:31:00.917; org.apache.solr.core.QuerySenderListener; QuerySenderListener sending requests to Searcher@58385dae[collection1] main{StandardDirectoryReader(segments_9:17:nrt _1(4.10.4):C1 _4(4.10.4):C122)}
INFO  - 2016-02-15 01:31:00.966; org.apache.solr.core.SolrCore; [collection1] webapp=null path=null params={event=firstSearcher&q=static+firstSearcher+warming+in+solrconfig.xml&distrib=false} hits=117 status=0 QTime=46 
INFO  - 2016-02-15 01:31:00.981; org.apache.solr.core.QuerySenderListener; QuerySenderListener done.
INFO  - 2016-02-15 01:31:00.981; org.apache.solr.handler.component.SpellCheckComponent$SpellCheckerListener; Loading spell index for spellchecker: default
INFO  - 2016-02-15 01:31:00.982; org.apache.solr.handler.component.SpellCheckComponent$SpellCheckerListener; Loading spell index for spellchecker: wordbreak
INFO  - 2016-02-15 01:31:00.986; org.apache.solr.core.SolrCore; [collection1] Registered new searcher Searcher@58385dae[collection1] main{StandardDirectoryReader(segments_9:17:nrt _1(4.10.4):C1 _4(4.10.4):C122)}
INFO  - 2016-02-15 01:31:00.991; org.apache.solr.core.CoreContainer; registering core: collection1
INFO  - 2016-02-15 01:31:00.992; org.apache.solr.servlet.SolrDispatchFilter; user.dir=/home/shreejit/RA/solr-4.10.4/example
INFO  - 2016-02-15 01:31:00.993; org.apache.solr.servlet.SolrDispatchFilter; SolrDispatchFilter.init() done
INFO  - 2016-02-15 01:31:01.021; org.eclipse.jetty.server.AbstractConnector; Started SocketConnector@0.0.0.0:8983
INFO  - 2016-02-15 01:31:41.318; org.apache.solr.update.processor.LogUpdateProcessor; [collection1] webapp=/solr path=/update params={wt=javabin&version=2} {delete=[https://en.wikipedia.org/w/opensearch_desc.php (-1526202264520228864)]} 0 61
INFO  - 2016-02-15 01:31:41.340; org.apache.solr.update.DirectUpdateHandler2; start commit{,optimize=false,openSearcher=true,waitSearcher=true,expungeDeletes=false,softCommit=false,prepareCommit=false}
INFO  - 2016-02-15 01:31:41.460; org.apache.solr.core.SolrDeletionPolicy; SolrDeletionPolicy.onCommit: commits: num=2
	commit{dir=NRTCachingDirectory(MMapDirectory@/home/shreejit/RA/solr-4.10.4/example/solr/collection1/data/index lockFactory=NativeFSLockFactory@/home/shreejit/RA/solr-4.10.4/example/solr/collection1/data/index; maxCacheMB=48.0 maxMergeSizeMB=4.0),segFN=segments_9,generation=9}
	commit{dir=NRTCachingDirectory(MMapDirectory@/home/shreejit/RA/solr-4.10.4/example/solr/collection1/data/index lockFactory=NativeFSLockFactory@/home/shreejit/RA/solr-4.10.4/example/solr/collection1/data/index; maxCacheMB=48.0 maxMergeSizeMB=4.0),segFN=segments_a,generation=10}
INFO  - 2016-02-15 01:31:41.461; org.apache.solr.core.SolrDeletionPolicy; newest commit generation = 10
INFO  - 2016-02-15 01:31:41.463; org.apache.solr.core.SolrCore; SolrIndexSearcher has not changed - not re-opening: org.apache.solr.search.SolrIndexSearcher
INFO  - 2016-02-15 01:31:41.464; org.apache.solr.update.DirectUpdateHandler2; end_commit_flush
INFO  - 2016-02-15 01:31:41.465; org.apache.solr.update.processor.LogUpdateProcessor; [collection1] webapp=/solr path=/update params={waitSearcher=true&commit=true&wt=javabin&waitFlush=true&version=2} {commit=} 0 125
